<?xml version="1.0" encoding="UTF-8"?>
<!-- Generated by org.testng.reporters.JUnitReportReporter -->
<testsuite skipped="0" hostname="vibhav" name="com.xyz.test.extentreport.Extent_rep" tests="1" failures="0" timestamp="22 Nov 2020 16:21:31 GMT" time="29.743" errors="0">
  <testcase name="VerifyblogTitle" time="29.743" classname="com.xyz.test.extentreport.Extent_rep"/>
</testsuite> <!-- com.xyz.test.extentreport.Extent_rep -->
